#
# A fatal error has been detected by the Java Runtime Environment:
#
#  EXCEPTION_ACCESS_VIOLATION (0xc0000005) at pc=0x000000006e9e4bc0, pid=18924, tid=21968
#
# JRE version: OpenJDK Runtime Environment (16.0+36) (build 16+36-2231)
# Java VM: OpenJDK 64-Bit Server VM (16+36-2231, mixed mode, sharing, tiered, compressed oops, g1 gc, windows-amd64)
# Problematic frame:
# C  [gdx-box2d64.dll+0x24bc0]
#
# No core dump will be written. Minidumps are not enabled by default on client versions of Windows
#
# If you would like to submit a bug report, please visit:
#   https://bugreport.java.com/bugreport/crash.jsp
# The crash happened outside the Java Virtual Machine in native code.
# See problematic frame for where to report the bug.
#

---------------  S U M M A R Y ------------

Command Line: -Didea.launcher.port=53017 -Didea.launcher.bin.path=G:\Programming\AndroidStudio\bin -Dfile.encoding=UTF-8 com.intellij.rt.execution.application.AppMainV2 com.mygdx.game.framework.debug.desktop.DesktopLauncher

Host: Intel(R) Core(TM) i7-3820 CPU @ 3.60GHz, 8 cores, 31G,  Windows 10 , 64 bit Build 19041 (10.0.19041.1202)
Time: Mon Sep 27 13:48:48 2021 Vest-Europa (sommertid) elapsed time: 66.203047 seconds (0d 0h 1m 6s)

---------------  T H R E A D  ---------------

Current thread (0x000001878b0f22a0):  JavaThread "LWJGL Application" [_thread_in_native, id=21968, stack(0x0000005ad2700000,0x0000005ad2800000)]

Stack: [0x0000005ad2700000,0x0000005ad2800000],  sp=0x0000005ad27fe548,  free space=1017k
Native frames: (J=compiled Java code, j=interpreted, Vv=VM code, C=native code)
C  [gdx-box2d64.dll+0x24bc0]

Java frames: (J=compiled Java code, j=interpreted, Vv=VM code)
J 2603  com.badlogic.gdx.physics.box2d.Body.jniSetLinearVelocity(JFF)V (0 bytes) @ 0x00000187ec1fecf5 [0x00000187ec1feca0+0x0000000000000055]
J 3277 c1 com.badlogic.gdx.physics.box2d.Body.setLinearVelocity(FF)V (11 bytes) @ 0x00000187e4c16ab4 [0x00000187e4c16a40+0x0000000000000074]
j  com.mygdx.game.framework.debug.sprites.BubblePlayer.dash(I)V+43
j  com.mygdx.game.framework.debug.controllers.ControllerJoyStickButtonStyle$6.changed(Lcom/badlogic/gdx/scenes/scene2d/utils/ChangeListener$ChangeEvent;Lcom/badlogic/gdx/scenes/scene2d/Actor;)V+161
J 3191 c2 com.badlogic.gdx.scenes.scene2d.utils.ChangeListener.handle(Lcom/badlogic/gdx/scenes/scene2d/Event;)Z (23 bytes) @ 0x00000187ec07fa78 [0x00000187ec07fa20+0x0000000000000058]
J 2697 c2 com.badlogic.gdx.scenes.scene2d.Actor.fire(Lcom/badlogic/gdx/scenes/scene2d/Event;)Z (294 bytes) @ 0x00000187ec225d4c [0x00000187ec224dc0+0x0000000000000f8c]
j  com.badlogic.gdx.scenes.scene2d.ui.Button.setChecked(ZZ)V+49
j  com.badlogic.gdx.scenes.scene2d.ui.Button$1.clicked(Lcom/badlogic/gdx/scenes/scene2d/InputEvent;FF)V+31
j  com.badlogic.gdx.scenes.scene2d.utils.ClickListener.touchUp(Lcom/badlogic/gdx/scenes/scene2d/InputEvent;FFII)V+108
J 2765 c2 com.badlogic.gdx.scenes.scene2d.InputListener.handle(Lcom/badlogic/gdx/scenes/scene2d/Event;)Z (320 bytes) @ 0x00000187ec263dd0 [0x00000187ec263b40+0x0000000000000290]
J 2873 c2 com.badlogic.gdx.scenes.scene2d.Stage.touchUp(IIII)Z (257 bytes) @ 0x00000187ec2c8eb4 [0x00000187ec2c8700+0x00000000000007b4]
J 3278 c1 com.badlogic.gdx.InputMultiplexer.touchUp(IIII)Z (92 bytes) @ 0x00000187e4da5114 [0x00000187e4da4dc0+0x0000000000000354]
J 1561 c1 com.badlogic.gdx.backends.lwjgl.LwjglInput.processEvents()V (478 bytes) @ 0x00000187e4e0eb3c [0x00000187e4e0dc20+0x0000000000000f1c]
j  com.badlogic.gdx.backends.lwjgl.LwjglApplication.mainLoop()V+661
j  com.badlogic.gdx.backends.lwjgl.LwjglApplication$1.run()V+27
v  ~StubRoutines::call_stub

siginfo: EXCEPTION_ACCESS_VIOLATION (0xc0000005), reading address 0x0000018791dc2320


Register to memory mapping:

RIP=0x000000006e9e4bc0 gdx-box2d64.dll
RAX={method} {0x00000187934d0ea0} 'setLinearVelocity' '(FF)V' in 'com/badlogic/gdx/physics/box2d/Body'
RBX={method} {0x00000187934d0ea0} 'setLinearVelocity' '(FF)V' in 'com/badlogic/gdx/physics/box2d/Body'
RCX=0x000001878b0f25b0 points into unknown readable memory: 0x00007ffdc4b033d0 | d0 33 b0 c4 fd 7f 00 00
RDX=0x0000005ad27fe578 is pointing into the stack for thread: 0x000001878b0f22a0
RSP=0x0000005ad27fe548 is pointing into the stack for thread: 0x000001878b0f22a0
RBP=0x0000005ad27fe5b0 is pointing into the stack for thread: 0x000001878b0f22a0
RSI=0x000000062073a090 is an oop: com.badlogic.gdx.physics.box2d.Body 
{0x000000062073a090} - klass: 'com/badlogic/gdx/physics/box2d/Body'
RDI=0x00000187935f7d08 is pointing into metadata
R8 =0x0000018791dc2320 is an unknown value
R9 =0x000000060263dfb0 is an oop: java.lang.Class 
{0x000000060263dfb0} - klass: 'java/lang/Class'
R10=0x000000006e9e4bc0 gdx-box2d64.dll
R11=0x00000187e4c16a60 is at entry_point+32 in (nmethod*)0x00000187e4c16890
R12=0x0 is NULL
R13=0x0000005ad27fe620 is pointing into the stack for thread: 0x000001878b0f22a0
R14=0x0 is NULL
R15=0x000001878b0f22a0 is a thread


Registers:
RAX=0x00000187934d0e98, RBX=0x00000187934d0e98, RCX=0x000001878b0f25b0, RDX=0x0000005ad27fe578
RSP=0x0000005ad27fe548, RBP=0x0000005ad27fe5b0, RSI=0x000000062073a090, RDI=0x00000187935f7d08
R8 =0x0000018791dc2320, R9 =0x000000060263dfb0, R10=0x000000006e9e4bc0, R11=0x00000187e4c16a60
R12=0x0000000000000000, R13=0x0000005ad27fe620, R14=0x0000000000000000, R15=0x000001878b0f22a0
RIP=0x000000006e9e4bc0, EFLAGS=0x0000000000010246

Top of Stack: (sp=0x0000005ad27fe548)
0x0000005ad27fe548:   00000187ec1feda3 8000002200000000
0x0000005ad27fe558:   0000000000000000 0000000000000000
0x0000005ad27fe568:   00000187e469d984 0000018700000000
0x0000005ad27fe578:   000000062073a090 00007ffe10ee06a8
0x0000005ad27fe588:   000001878b0f22a0 00007ffde41900f0
0x0000005ad27fe598:   0000000000000000 000001878ae3bfa0
0x0000005ad27fe5a8:   0000005ad27fe690 0000005ad27fe680
0x0000005ad27fe5b8:   00000187e4c16ab4 0000000000000000
0x0000005ad27fe5c8:   00000187e45a959c 00007ffeff7fffff
0x0000005ad27fe5d8:   0000018700000000 0000005ad27fe5e0
0x0000005ad27fe5e8:   0000018793563c16 0000005ad27fe638
0x0000005ad27fe5f8:   0000018793569180 0000005ad27fe680
0x0000005ad27fe608:   00000187e45a9512 0000005ad27fe680
0x0000005ad27fe618:   00000187e45a9512 0000018700000000
0x0000005ad27fe628:   0000000600000000 000000062073a090
0x0000005ad27fe638:   0000005ad27fe638 000001879352c483 

Instructions: (pc=0x000000006e9e4bc0)
0x000000006e9e4ac0:   0f 11 08 48 89 f2 48 89 d9 f3 0f 11 40 04 48 8b
0x000000006e9e4ad0:   03 48 8b 80 f8 06 00 00 48 83 c4 20 5b 5e 5f 48
0x000000006e9e4ae0:   ff e0 0f 1f 40 00 66 2e 0f 1f 84 00 00 00 00 00
0x000000006e9e4af0:   f3 41 0f 10 40 38 c3 66 0f 1f 84 00 00 00 00 00
0x000000006e9e4b00:   57 56 53 48 83 ec 20 48 8b 01 4c 89 c7 48 89 cb
0x000000006e9e4b10:   4c 89 ce 45 31 c0 4c 89 ca ff 90 f0 06 00 00 f3
0x000000006e9e4b20:   0f 10 4f 2c 49 89 c0 f3 0f 10 47 30 45 31 c9 f3
0x000000006e9e4b30:   0f 11 08 48 89 f2 48 89 d9 f3 0f 11 40 04 48 8b
0x000000006e9e4b40:   03 48 8b 80 f8 06 00 00 48 83 c4 20 5b 5e 5f 48
0x000000006e9e4b50:   ff e0 0f 1f 40 00 66 2e 0f 1f 84 00 00 00 00 00
0x000000006e9e4b60:   57 56 53 48 83 ec 20 48 8b 01 4c 89 c7 48 89 cb
0x000000006e9e4b70:   4c 89 ce 45 31 c0 4c 89 ca ff 90 f0 06 00 00 f3
0x000000006e9e4b80:   0f 10 4f 1c 49 89 c0 f3 0f 10 47 20 45 31 c9 f3
0x000000006e9e4b90:   0f 11 08 48 89 f2 48 89 d9 f3 0f 11 40 04 48 8b
0x000000006e9e4ba0:   03 48 8b 80 f8 06 00 00 48 83 c4 20 5b 5e 5f 48
0x000000006e9e4bb0:   ff e0 0f 1f 40 00 66 2e 0f 1f 84 00 00 00 00 00
0x000000006e9e4bc0:   41 8b 00 f3 0f 10 44 24 28 85 c0 75 03 f3 c3 90
0x000000006e9e4bd0:   0f 28 d3 0f 28 c8 f3 0f 59 d3 f3 0f 59 c8 f3 0f
0x000000006e9e4be0:   58 ca 66 0f ef d2 0f 2e ca 76 1a 41 0f b7 40 04
0x000000006e9e4bf0:   a8 02 75 11 83 c8 02 f3 41 0f 11 90 ac 00 00 00
0x000000006e9e4c00:   66 41 89 40 04 f3 41 0f 11 58 40 f3 41 0f 11 40
0x000000006e9e4c10:   44 c3 0f 1f 40 00 66 2e 0f 1f 84 00 00 00 00 00
0x000000006e9e4c20:   57 56 53 48 83 ec 20 48 8b 01 4c 89 c7 48 89 cb
0x000000006e9e4c30:   4c 89 ce 45 31 c0 4c 89 ca ff 90 f0 06 00 00 f3
0x000000006e9e4c40:   0f 10 4f 40 49 89 c0 f3 0f 10 47 44 45 31 c9 f3
0x000000006e9e4c50:   0f 11 08 48 89 f2 48 89 d9 f3 0f 11 40 04 48 8b
0x000000006e9e4c60:   03 48 8b 80 f8 06 00 00 48 83 c4 20 5b 5e 5f 48
0x000000006e9e4c70:   ff e0 0f 1f 40 00 66 2e 0f 1f 84 00 00 00 00 00
0x000000006e9e4c80:   41 8b 00 85 c0 75 09 f3 c3 0f 1f 80 00 00 00 00
0x000000006e9e4c90:   0f 28 cb 66 0f ef c0 f3 0f 59 cb 0f 2e c8 76 1a
0x000000006e9e4ca0:   41 0f b7 40 04 a8 02 75 11 83 c8 02 f3 41 0f 11
0x000000006e9e4cb0:   80 ac 00 00 00 66 41 89 40 04 f3 41 0f 11 58 48 


Stack slot to memory mapping:
stack at sp + 0 slots: 0x00000187ec1feda3 is at entry_point+259 in (nmethod*)0x00000187ec1feb10
stack at sp + 1 slots: 0x8000002200000000 is an unknown value
stack at sp + 2 slots: 0x0 is NULL
stack at sp + 3 slots: 0x0 is NULL
stack at sp + 4 slots: 0x00000187e469d984 is at code_begin+132 in 
[CodeBlob (0x00000187e469d890)]
Framesize: 148
Runtime Stub (0x00000187e469d890): monitorexit_nofpu Runtime1 stub
--------------------------------------------------------------------------------
Decoding CodeBlob, name: monitorexit_nofpu Runtime1 stub, at  [0x00000187e469d900, 0x00000187e469da28]  296 bytes
[MachCode]
  0x00000187e469d900: 5548 8bec | 4881 ec80 | 0000 0048 | 8944 2478 | 4889 4c24 | 7048 8954 | 2468 4889 | 5c24 6048 
  0x00000187e469d920: 896c 2450 | 4889 7424 | 4848 897c | 2440 4c89 | 4424 384c | 894c 2430 | 4c89 5424 | 284c 895c 
  0x00000187e469d940: 2420 4c89 | 6424 184c | 896c 2410 | 4c89 7424 | 084c 893c | 2448 81ec | 1004 0000 | 488b 4510 
  0x00000187e469d960: 488b d049 | 8bcf c5f8 | 7749 89af | f802 0000 | 4989 a7e8 | 0200 0049 | ba90 6f21 | c4fd 7f00 
  0x00000187e469d980: 0041 ffd2 | 49c7 87e8 | 0200 0000 | 0000 0049 | c787 f802 | 0000 0000 | 0000 49c7 | 87f0 0200 
  0x00000187e469d9a0: 0000 0000 | 0049 c787 | 0003 0000 | 0000 0000 | c5f8 7749 | 817f 0800 | 0000 000f | 8409 0000 
  0x00000187e469d9c0: 0049 8b47 | 08e9 d670 | f2ff 4881 | c410 0400 | 004c 8b3c | 244c 8b74 | 2408 4c8b | 6c24 104c 
  0x00000187e469d9e0: 8b64 2418 | 4c8b 5c24 | 204c 8b54 | 2428 4c8b | 4c24 304c | 8b44 2438 | 488b 7c24 | 4048 8b74 
  0x00000187e469da00: 2448 488b | 6c24 5048 | 8b5c 2460 | 488b 5424 | 6848 8b4c | 2470 488b | 4424 7848 | 81c4 8000 
  0x00000187e469da20: 0000 c9c3 | 0f1f 4000 
[/MachCode]
--------------------------------------------------------------------------------
stack at sp + 5 slots: 0x0000018700000000 is an unknown value
stack at sp + 6 slots: 0x000000062073a090 is an oop: com.badlogic.gdx.physics.box2d.Body 
{0x000000062073a090} - klass: 'com/badlogic/gdx/physics/box2d/Body'
stack at sp + 7 slots: 0x00007ffe10ee06a8 gdi32full.dll


---------------  P R O C E S S  ---------------

Threads class SMR info:
_java_thread_list=0x000001878f2f1ce0, length=16, elements={
0x00000187ffab3900, 0x00000187ffab4f60, 0x00000187ffac3ae0, 0x00000187ffac46e0,
0x00000187ffac7990, 0x00000187ffac8b30, 0x00000187ffad6e10, 0x00000187ffad9910,
0x00000187ffada350, 0x000001878aa35980, 0x000001878aa60c80, 0x000001878aa5d7f0,
0x000001878b0f22a0, 0x00000187db6222f0, 0x000001878f340060, 0x000001878f3ac720
}

Java Threads: ( => current thread )
  0x00000187ffab3900 JavaThread "Reference Handler" daemon [_thread_blocked, id=11080, stack(0x0000005ad1800000,0x0000005ad1900000)]
  0x00000187ffab4f60 JavaThread "Finalizer" daemon [_thread_blocked, id=11568, stack(0x0000005ad1900000,0x0000005ad1a00000)]
  0x00000187ffac3ae0 JavaThread "Signal Dispatcher" daemon [_thread_blocked, id=3684, stack(0x0000005ad1a00000,0x0000005ad1b00000)]
  0x00000187ffac46e0 JavaThread "Attach Listener" daemon [_thread_blocked, id=7776, stack(0x0000005ad1b00000,0x0000005ad1c00000)]
  0x00000187ffac7990 JavaThread "Service Thread" daemon [_thread_blocked, id=9408, stack(0x0000005ad1c00000,0x0000005ad1d00000)]
  0x00000187ffac8b30 JavaThread "Monitor Deflation Thread" daemon [_thread_blocked, id=18148, stack(0x0000005ad1d00000,0x0000005ad1e00000)]
  0x00000187ffad6e10 JavaThread "C2 CompilerThread0" daemon [_thread_blocked, id=24252, stack(0x0000005ad1e00000,0x0000005ad1f00000)]
  0x00000187ffad9910 JavaThread "C1 CompilerThread0" daemon [_thread_blocked, id=23052, stack(0x0000005ad1f00000,0x0000005ad2000000)]
  0x00000187ffada350 JavaThread "Sweeper thread" daemon [_thread_blocked, id=19844, stack(0x0000005ad2000000,0x0000005ad2100000)]
  0x000001878aa35980 JavaThread "Notification Thread" daemon [_thread_blocked, id=20992, stack(0x0000005ad2100000,0x0000005ad2200000)]
  0x000001878aa60c80 JavaThread "Common-Cleaner" daemon [_thread_blocked, id=14980, stack(0x0000005ad2300000,0x0000005ad2400000)]
  0x000001878aa5d7f0 JavaThread "Monitor Ctrl-Break" daemon [_thread_in_native, id=22480, stack(0x0000005ad2400000,0x0000005ad2500000)]
=>0x000001878b0f22a0 JavaThread "LWJGL Application" [_thread_in_native, id=21968, stack(0x0000005ad2700000,0x0000005ad2800000)]
  0x00000187db6222f0 JavaThread "DestroyJavaVM" [_thread_blocked, id=24288, stack(0x0000005ad1100000,0x0000005ad1200000)]
  0x000001878f340060 JavaThread "AssetManager" daemon [_thread_blocked, id=20796, stack(0x0000005ad2f00000,0x0000005ad3000000)]
  0x000001878f3ac720 JavaThread "LWJGL Timer" daemon [_thread_blocked, id=18696, stack(0x0000005ad3800000,0x0000005ad3900000)]

Other Threads:
  0x00000187ffaab4f0 VMThread "VM Thread" [stack: 0x0000005ad1700000,0x0000005ad1800000] [id=19084]
  0x000001878aa58ed0 WatcherThread [stack: 0x0000005ad2200000,0x0000005ad2300000] [id=15352]
  0x00000187db698030 GCTaskThread "GC Thread#0" [stack: 0x0000005ad1200000,0x0000005ad1300000] [id=22960]
  0x000001878b450380 GCTaskThread "GC Thread#1" [stack: 0x0000005ad3100000,0x0000005ad3200000] [id=6100]
  0x000001878b451f10 GCTaskThread "GC Thread#2" [stack: 0x0000005ad3200000,0x0000005ad3300000] [id=20492]
  0x000001878b4515e0 GCTaskThread "GC Thread#3" [stack: 0x0000005ad3300000,0x0000005ad3400000] [id=23056]
  0x000001878b44f120 GCTaskThread "GC Thread#4" [stack: 0x0000005ad3400000,0x0000005ad3500000] [id=19220]
  0x000001878b452840 GCTaskThread "GC Thread#5" [stack: 0x0000005ad3500000,0x0000005ad3600000] [id=2628]
  0x000001878b452220 GCTaskThread "GC Thread#6" [stack: 0x0000005ad3600000,0x0000005ad3700000] [id=22624]
  0x000001878b44fd60 GCTaskThread "GC Thread#7" [stack: 0x0000005ad3700000,0x0000005ad3800000] [id=20728]
  0x00000187db6aa010 ConcurrentGCThread "G1 Main Marker" [stack: 0x0000005ad1300000,0x0000005ad1400000] [id=23580]
  0x00000187db6ab220 ConcurrentGCThread "G1 Conc#0" [stack: 0x0000005ad1400000,0x0000005ad1500000] [id=12228]
  0x00000187ff9644e0 ConcurrentGCThread "G1 Refine#0" [stack: 0x0000005ad1500000,0x0000005ad1600000] [id=8968]
  0x000001878afc89d0 ConcurrentGCThread "G1 Refine#1" [stack: 0x0000005ad2e00000,0x0000005ad2f00000] [id=20244]
  0x000001878afc8010 ConcurrentGCThread "G1 Refine#2" [stack: 0x0000005ad3000000,0x0000005ad3100000] [id=19268]
  0x000001878afc7cd0 ConcurrentGCThread "G1 Refine#3" [stack: 0x0000005ad3900000,0x0000005ad3a00000] [id=21984]
  0x000001878afc96d0 ConcurrentGCThread "G1 Refine#4" [stack: 0x0000005ad3a00000,0x0000005ad3b00000] [id=18780]
  0x000001878afc8d10 ConcurrentGCThread "G1 Refine#5" [stack: 0x0000005ad3b00000,0x0000005ad3c00000] [id=13504]
  0x000001878afc9050 ConcurrentGCThread "G1 Refine#6" [stack: 0x0000005ad3c00000,0x0000005ad3d00000] [id=16020]
  0x000001878afc8690 ConcurrentGCThread "G1 Refine#7" [stack: 0x0000005ad3d00000,0x0000005ad3e00000] [id=12176]
  0x00000187db6fc150 ConcurrentGCThread "G1 Service" [stack: 0x0000005ad1600000,0x0000005ad1700000] [id=21164]

Threads with active compile tasks:

VM state: not at safepoint (normal execution)

VM Mutex/Monitor currently owned by a thread: None

Heap address: 0x0000000600c00000, size: 8180 MB, Compressed Oops mode: Zero based, Oop shift amount: 3
CDS archive(s) mapped at: [0x0000000800000000-0x0000000800bb0000-0x0000000800bb0000), size 12255232, SharedBaseAddress: 0x0000000800000000, ArchiveRelocationMode: 0.
Compressed class space mapped at: 0x0000000800c00000-0x0000000840c00000, reserved size: 1073741824
Narrow klass base: 0x0000000800000000, Narrow klass shift: 3, Narrow klass range: 0x100000000

GC Precious Log:
 CPUs: 8 total, 8 available
 Memory: 32706M
 Large Page Support: Disabled
 NUMA Support: Disabled
 Compressed Oops: Enabled (Zero based)
 Heap Region Size: 4M
 Heap Min Capacity: 8M
 Heap Initial Capacity: 512M
 Heap Max Capacity: 8180M
 Pre-touch: Disabled
 Parallel Workers: 8
 Concurrent Workers: 2
 Concurrent Refinement Workers: 8
 Periodic GC: Disabled

Heap:
 garbage-first heap   total 524288K, used 86297K [0x0000000600c00000, 0x0000000800000000)
  region size 4096K, 10 young (40960K), 2 survivors (8192K)
 Metaspace       used 10578K, committed 10752K, reserved 1064960K
  class space    used 853K, committed 960K, reserved 1048576K

Heap Regions: E=young(eden), S=young(survivor), O=old, HS=humongous(starts), HC=humongous(continues), CS=collection set, F=free, OA=open archive, CA=closed archive, TAMS=top-at-mark-start (previous, next)
|   0|0x0000000600c00000, 0x0000000601000000, 0x0000000601000000|100%| O|  |TAMS 0x0000000600c00000, 0x0000000600c00000| Untracked 
|   1|0x0000000601000000, 0x0000000601400000, 0x0000000601400000|100%| O|  |TAMS 0x0000000601000000, 0x0000000601000000| Untracked 
|   2|0x0000000601400000, 0x0000000601800000, 0x0000000601800000|100%| O|  |TAMS 0x0000000601400000, 0x0000000601400000| Untracked 
|   3|0x0000000601800000, 0x0000000601c00000, 0x0000000601c00000|100%| O|  |TAMS 0x0000000601800000, 0x0000000601800000| Untracked 
|   4|0x0000000601c00000, 0x0000000602000000, 0x0000000602000000|100%| O|  |TAMS 0x0000000601c00000, 0x0000000601c00000| Untracked 
|   5|0x0000000602000000, 0x0000000602400000, 0x0000000602400000|100%| O|  |TAMS 0x0000000602000000, 0x0000000602000000| Untracked 
|   6|0x0000000602400000, 0x0000000602800000, 0x0000000602800000|100%| O|  |TAMS 0x0000000602400000, 0x0000000602400000| Untracked 
|   7|0x0000000602800000, 0x0000000602c00000, 0x0000000602c00000|100%| O|  |TAMS 0x0000000602800000, 0x0000000602800000| Untracked 
|   8|0x0000000602c00000, 0x0000000603000000, 0x0000000603000000|100%| O|  |TAMS 0x0000000602c00000, 0x0000000602c00000| Untracked 
|   9|0x0000000603000000, 0x0000000603400000, 0x0000000603400000|100%| O|  |TAMS 0x0000000603000000, 0x0000000603000000| Untracked 
|  10|0x0000000603400000, 0x0000000603800000, 0x0000000603800000|100%| O|  |TAMS 0x0000000603400000, 0x0000000603400000| Untracked 
|  11|0x0000000603800000, 0x0000000603c00000, 0x0000000603c00000|100%| O|  |TAMS 0x0000000603800000, 0x0000000603800000| Untracked 
|  12|0x0000000603c00000, 0x0000000603c46600, 0x0000000604000000|  6%| O|  |TAMS 0x0000000603c00000, 0x0000000603c00000| Untracked 
|  13|0x0000000604000000, 0x0000000604000000, 0x0000000604400000|  0%| F|  |TAMS 0x0000000604000000, 0x0000000604000000| Untracked 
|  14|0x0000000604400000, 0x0000000604400000, 0x0000000604800000|  0%| F|  |TAMS 0x0000000604400000, 0x0000000604400000| Untracked 
|  15|0x0000000604800000, 0x0000000604800000, 0x0000000604c00000|  0%| F|  |TAMS 0x0000000604800000, 0x0000000604800000| Untracked 
|  16|0x0000000604c00000, 0x0000000604c00000, 0x0000000605000000|  0%| F|  |TAMS 0x0000000604c00000, 0x0000000604c00000| Untracked 
|  17|0x0000000605000000, 0x0000000605000000, 0x0000000605400000|  0%| F|  |TAMS 0x0000000605000000, 0x0000000605000000| Untracked 
|  18|0x0000000605400000, 0x0000000605400000, 0x0000000605800000|  0%| F|  |TAMS 0x0000000605400000, 0x0000000605400000| Untracked 
|  19|0x0000000605800000, 0x0000000605800000, 0x0000000605c00000|  0%| F|  |TAMS 0x0000000605800000, 0x0000000605800000| Untracked 
|  20|0x0000000605c00000, 0x0000000605c00000, 0x0000000606000000|  0%| F|  |TAMS 0x0000000605c00000, 0x0000000605c00000| Untracked 
|  21|0x0000000606000000, 0x0000000606000000, 0x0000000606400000|  0%| F|  |TAMS 0x0000000606000000, 0x0000000606000000| Untracked 
|  22|0x0000000606400000, 0x0000000606400000, 0x0000000606800000|  0%| F|  |TAMS 0x0000000606400000, 0x0000000606400000| Untracked 
|  23|0x0000000606800000, 0x0000000606800000, 0x0000000606c00000|  0%| F|  |TAMS 0x0000000606800000, 0x0000000606800000| Untracked 
|  24|0x0000000606c00000, 0x0000000606c00000, 0x0000000607000000|  0%| F|  |TAMS 0x0000000606c00000, 0x0000000606c00000| Untracked 
|  25|0x0000000607000000, 0x0000000607000000, 0x0000000607400000|  0%| F|  |TAMS 0x0000000607000000, 0x0000000607000000| Untracked 
|  26|0x0000000607400000, 0x0000000607400000, 0x0000000607800000|  0%| F|  |TAMS 0x0000000607400000, 0x0000000607400000| Untracked 
|  27|0x0000000607800000, 0x0000000607800000, 0x0000000607c00000|  0%| F|  |TAMS 0x0000000607800000, 0x0000000607800000| Untracked 
|  28|0x0000000607c00000, 0x0000000607c00000, 0x0000000608000000|  0%| F|  |TAMS 0x0000000607c00000, 0x0000000607c00000| Untracked 
|  29|0x0000000608000000, 0x0000000608000000, 0x0000000608400000|  0%| F|  |TAMS 0x0000000608000000, 0x0000000608000000| Untracked 
|  30|0x0000000608400000, 0x0000000608400000, 0x0000000608800000|  0%| F|  |TAMS 0x0000000608400000, 0x0000000608400000| Untracked 
|  31|0x0000000608800000, 0x0000000608800000, 0x0000000608c00000|  0%| F|  |TAMS 0x0000000608800000, 0x0000000608800000| Untracked 
|  32|0x0000000608c00000, 0x0000000608c00000, 0x0000000609000000|  0%| F|  |TAMS 0x0000000608c00000, 0x0000000608c00000| Untracked 
|  33|0x0000000609000000, 0x0000000609000000, 0x0000000609400000|  0%| F|  |TAMS 0x0000000609000000, 0x0000000609000000| Untracked 
|  34|0x0000000609400000, 0x0000000609400000, 0x0000000609800000|  0%| F|  |TAMS 0x0000000609400000, 0x0000000609400000| Untracked 
|  35|0x0000000609800000, 0x0000000609800000, 0x0000000609c00000|  0%| F|  |TAMS 0x0000000609800000, 0x0000000609800000| Untracked 
|  36|0x0000000609c00000, 0x0000000609c00000, 0x000000060a000000|  0%| F|  |TAMS 0x0000000609c00000, 0x0000000609c00000| Untracked 
|  37|0x000000060a000000, 0x000000060a000000, 0x000000060a400000|  0%| F|  |TAMS 0x000000060a000000, 0x000000060a000000| Untracked 
|  38|0x000000060a400000, 0x000000060a400000, 0x000000060a800000|  0%| F|  |TAMS 0x000000060a400000, 0x000000060a400000| Untracked 
|  39|0x000000060a800000, 0x000000060a800000, 0x000000060ac00000|  0%| F|  |TAMS 0x000000060a800000, 0x000000060a800000| Untracked 
|  40|0x000000060ac00000, 0x000000060ac00000, 0x000000060b000000|  0%| F|  |TAMS 0x000000060ac00000, 0x000000060ac00000| Untracked 
|  41|0x000000060b000000, 0x000000060b000000, 0x000000060b400000|  0%| F|  |TAMS 0x000000060b000000, 0x000000060b000000| Untracked 
|  42|0x000000060b400000, 0x000000060b400000, 0x000000060b800000|  0%| F|  |TAMS 0x000000060b400000, 0x000000060b400000| Untracked 
|  43|0x000000060b800000, 0x000000060b800000, 0x000000060bc00000|  0%| F|  |TAMS 0x000000060b800000, 0x000000060b800000| Untracked 
|  44|0x000000060bc00000, 0x000000060bc00000, 0x000000060c000000|  0%| F|  |TAMS 0x000000060bc00000, 0x000000060bc00000| Untracked 
|  45|0x000000060c000000, 0x000000060c000000, 0x000000060c400000|  0%| F|  |TAMS 0x000000060c000000, 0x000000060c000000| Untracked 
|  46|0x000000060c400000, 0x000000060c400000, 0x000000060c800000|  0%| F|  |TAMS 0x000000060c400000, 0x000000060c400000| Untracked 
|  47|0x000000060c800000, 0x000000060c800000, 0x000000060cc00000|  0%| F|  |TAMS 0x000000060c800000, 0x000000060c800000| Untracked 
|  48|0x000000060cc00000, 0x000000060cc00000, 0x000000060d000000|  0%| F|  |TAMS 0x000000060cc00000, 0x000000060cc00000| Untracked 
|  49|0x000000060d000000, 0x000000060d000000, 0x000000060d400000|  0%| F|  |TAMS 0x000000060d000000, 0x000000060d000000| Untracked 
|  50|0x000000060d400000, 0x000000060d400000, 0x000000060d800000|  0%| F|  |TAMS 0x000000060d400000, 0x000000060d400000| Untracked 
|  51|0x000000060d800000, 0x000000060d800000, 0x000000060dc00000|  0%| F|  |TAMS 0x000000060d800000, 0x000000060d800000| Untracked 
|  52|0x000000060dc00000, 0x000000060dc00000, 0x000000060e000000|  0%| F|  |TAMS 0x000000060dc00000, 0x000000060dc00000| Untracked 
|  53|0x000000060e000000, 0x000000060e000000, 0x000000060e400000|  0%| F|  |TAMS 0x000000060e000000, 0x000000060e000000| Untracked 
|  54|0x000000060e400000, 0x000000060e400000, 0x000000060e800000|  0%| F|  |TAMS 0x000000060e400000, 0x000000060e400000| Untracked 
|  55|0x000000060e800000, 0x000000060e800000, 0x000000060ec00000|  0%| F|  |TAMS 0x000000060e800000, 0x000000060e800000| Untracked 
|  56|0x000000060ec00000, 0x000000060ec00000, 0x000000060f000000|  0%| F|  |TAMS 0x000000060ec00000, 0x000000060ec00000| Untracked 
|  57|0x000000060f000000, 0x000000060f000000, 0x000000060f400000|  0%| F|  |TAMS 0x000000060f000000, 0x000000060f000000| Untracked 
|  58|0x000000060f400000, 0x000000060f400000, 0x000000060f800000|  0%| F|  |TAMS 0x000000060f400000, 0x000000060f400000| Untracked 
|  59|0x000000060f800000, 0x000000060f800000, 0x000000060fc00000|  0%| F|  |TAMS 0x000000060f800000, 0x000000060f800000| Untracked 
|  60|0x000000060fc00000, 0x000000060fc00000, 0x0000000610000000|  0%| F|  |TAMS 0x000000060fc00000, 0x000000060fc00000| Untracked 
|  61|0x0000000610000000, 0x0000000610000000, 0x0000000610400000|  0%| F|  |TAMS 0x0000000610000000, 0x0000000610000000| Untracked 
|  62|0x0000000610400000, 0x0000000610400000, 0x0000000610800000|  0%| F|  |TAMS 0x0000000610400000, 0x0000000610400000| Untracked 
|  63|0x0000000610800000, 0x0000000610800000, 0x0000000610c00000|  0%| F|  |TAMS 0x0000000610800000, 0x0000000610800000| Untracked 
|  64|0x0000000610c00000, 0x0000000610c00000, 0x0000000611000000|  0%| F|  |TAMS 0x0000000610c00000, 0x0000000610c00000| Untracked 
|  65|0x0000000611000000, 0x0000000611000000, 0x0000000611400000|  0%| F|  |TAMS 0x0000000611000000, 0x0000000611000000| Untracked 
|  66|0x0000000611400000, 0x0000000611400000, 0x0000000611800000|  0%| F|  |TAMS 0x0000000611400000, 0x0000000611400000| Untracked 
|  67|0x0000000611800000, 0x0000000611800000, 0x0000000611c00000|  0%| F|  |TAMS 0x0000000611800000, 0x0000000611800000| Untracked 
|  68|0x0000000611c00000, 0x0000000611c00000, 0x0000000612000000|  0%| F|  |TAMS 0x0000000611c00000, 0x0000000611c00000| Untracked 
|  69|0x0000000612000000, 0x0000000612000000, 0x0000000612400000|  0%| F|  |TAMS 0x0000000612000000, 0x0000000612000000| Untracked 
|  70|0x0000000612400000, 0x0000000612400000, 0x0000000612800000|  0%| F|  |TAMS 0x0000000612400000, 0x0000000612400000| Untracked 
|  71|0x0000000612800000, 0x0000000612800000, 0x0000000612c00000|  0%| F|  |TAMS 0x0000000612800000, 0x0000000612800000| Untracked 
|  72|0x0000000612c00000, 0x0000000612c00000, 0x0000000613000000|  0%| F|  |TAMS 0x0000000612c00000, 0x0000000612c00000| Untracked 
|  73|0x0000000613000000, 0x0000000613000000, 0x0000000613400000|  0%| F|  |TAMS 0x0000000613000000, 0x0000000613000000| Untracked 
|  74|0x0000000613400000, 0x0000000613400000, 0x0000000613800000|  0%| F|  |TAMS 0x0000000613400000, 0x0000000613400000| Untracked 
|  75|0x0000000613800000, 0x0000000613800000, 0x0000000613c00000|  0%| F|  |TAMS 0x0000000613800000, 0x0000000613800000| Untracked 
|  76|0x0000000613c00000, 0x0000000613c00000, 0x0000000614000000|  0%| F|  |TAMS 0x0000000613c00000, 0x0000000613c00000| Untracked 
|  77|0x0000000614000000, 0x0000000614000000, 0x0000000614400000|  0%| F|  |TAMS 0x0000000614000000, 0x0000000614000000| Untracked 
|  78|0x0000000614400000, 0x0000000614400000, 0x0000000614800000|  0%| F|  |TAMS 0x0000000614400000, 0x0000000614400000| Untracked 
|  79|0x0000000614800000, 0x0000000614800000, 0x0000000614c00000|  0%| F|  |TAMS 0x0000000614800000, 0x0000000614800000| Untracked 
|  80|0x0000000614c00000, 0x0000000614c00000, 0x0000000615000000|  0%| F|  |TAMS 0x0000000614c00000, 0x0000000614c00000| Untracked 
|  81|0x0000000615000000, 0x0000000615000000, 0x0000000615400000|  0%| F|  |TAMS 0x0000000615000000, 0x0000000615000000| Untracked 
|  82|0x0000000615400000, 0x0000000615400000, 0x0000000615800000|  0%| F|  |TAMS 0x0000000615400000, 0x0000000615400000| Untracked 
|  83|0x0000000615800000, 0x0000000615800000, 0x0000000615c00000|  0%| F|  |TAMS 0x0000000615800000, 0x0000000615800000| Untracked 
|  84|0x0000000615c00000, 0x0000000615c00000, 0x0000000616000000|  0%| F|  |TAMS 0x0000000615c00000, 0x0000000615c00000| Untracked 
|  85|0x0000000616000000, 0x0000000616000000, 0x0000000616400000|  0%| F|  |TAMS 0x0000000616000000, 0x0000000616000000| Untracked 
|  86|0x0000000616400000, 0x0000000616400000, 0x0000000616800000|  0%| F|  |TAMS 0x0000000616400000, 0x0000000616400000| Untracked 
|  87|0x0000000616800000, 0x0000000616800000, 0x0000000616c00000|  0%| F|  |TAMS 0x0000000616800000, 0x0000000616800000| Untracked 
|  88|0x0000000616c00000, 0x0000000616c00000, 0x0000000617000000|  0%| F|  |TAMS 0x0000000616c00000, 0x0000000616c00000| Untracked 
|  89|0x0000000617000000, 0x0000000617000000, 0x0000000617400000|  0%| F|  |TAMS 0x0000000617000000, 0x0000000617000000| Untracked 
|  90|0x0000000617400000, 0x0000000617400000, 0x0000000617800000|  0%| F|  |TAMS 0x0000000617400000, 0x0000000617400000| Untracked 
|  91|0x0000000617800000, 0x0000000617800000, 0x0000000617c00000|  0%| F|  |TAMS 0x0000000617800000, 0x0000000617800000| Untracked 
|  92|0x0000000617c00000, 0x0000000617c00000, 0x0000000618000000|  0%| F|  |TAMS 0x0000000617c00000, 0x0000000617c00000| Untracked 
|  93|0x0000000618000000, 0x0000000618000000, 0x0000000618400000|  0%| F|  |TAMS 0x0000000618000000, 0x0000000618000000| Untracked 
|  94|0x0000000618400000, 0x0000000618400000, 0x0000000618800000|  0%| F|  |TAMS 0x0000000618400000, 0x0000000618400000| Untracked 
|  95|0x0000000618800000, 0x0000000618800000, 0x0000000618c00000|  0%| F|  |TAMS 0x0000000618800000, 0x0000000618800000| Untracked 
|  96|0x0000000618c00000, 0x0000000618c00000, 0x0000000619000000|  0%| F|  |TAMS 0x0000000618c00000, 0x0000000618c00000| Untracked 
|  97|0x0000000619000000, 0x0000000619000000, 0x0000000619400000|  0%| F|  |TAMS 0x0000000619000000, 0x0000000619000000| Untracked 
|  98|0x0000000619400000, 0x0000000619400000, 0x0000000619800000|  0%| F|  |TAMS 0x0000000619400000, 0x0000000619400000| Untracked 
|  99|0x0000000619800000, 0x0000000619800000, 0x0000000619c00000|  0%| F|  |TAMS 0x0000000619800000, 0x0000000619800000| Untracked 
| 100|0x0000000619c00000, 0x0000000619c00000, 0x000000061a000000|  0%| F|  |TAMS 0x0000000619c00000, 0x0000000619c00000| Untracked 
| 101|0x000000061a000000, 0x000000061a000000, 0x000000061a400000|  0%| F|  |TAMS 0x000000061a000000, 0x000000061a000000| Untracked 
| 102|0x000000061a400000, 0x000000061a400000, 0x000000061a800000|  0%| F|  |TAMS 0x000000061a400000, 0x000000061a400000| Untracked 
| 103|0x000000061a800000, 0x000000061a800000, 0x000000061ac00000|  0%| F|  |TAMS 0x000000061a800000, 0x000000061a800000| Untracked 
| 104|0x000000061ac00000, 0x000000061ac00000, 0x000000061b000000|  0%| F|  |TAMS 0x000000061ac00000, 0x000000061ac00000| Untracked 
| 105|0x000000061b000000, 0x000000061b000000, 0x000000061b400000|  0%| F|  |TAMS 0x000000061b000000, 0x000000061b000000| Untracked 
| 106|0x000000061b400000, 0x000000061b400000, 0x000000061b800000|  0%| F|  |TAMS 0x000000061b400000, 0x000000061b400000| Untracked 
| 107|0x000000061b800000, 0x000000061b800000, 0x000000061bc00000|  0%| F|  |TAMS 0x000000061b800000, 0x000000061b800000| Untracked 
| 108|0x000000061bc00000, 0x000000061bc00000, 0x000000061c000000|  0%| F|  |TAMS 0x000000061bc00000, 0x000000061bc00000| Untracked 
| 109|0x000000061c000000, 0x000000061c000000, 0x000000061c400000|  0%| F|  |TAMS 0x000000061c000000, 0x000000061c000000| Untracked 
| 110|0x000000061c400000, 0x000000061c400000, 0x000000061c800000|  0%| F|  |TAMS 0x000000061c400000, 0x000000061c400000| Untracked 
| 111|0x000000061c800000, 0x000000061c800000, 0x000000061cc00000|  0%| F|  |TAMS 0x000000061c800000, 0x000000061c800000| Untracked 
| 112|0x000000061cc00000, 0x000000061cc00000, 0x000000061d000000|  0%| F|  |TAMS 0x000000061cc00000, 0x000000061cc00000| Untracked 
| 113|0x000000061d000000, 0x000000061d000000, 0x000000061d400000|  0%| F|  |TAMS 0x000000061d000000, 0x000000061d000000| Untracked 
| 114|0x000000061d400000, 0x000000061d400000, 0x000000061d800000|  0%| F|  |TAMS 0x000000061d400000, 0x000000061d400000| Untracked 
| 115|0x000000061d800000, 0x000000061d800000, 0x000000061dc00000|  0%| F|  |TAMS 0x000000061d800000, 0x000000061d800000| Untracked 
| 116|0x000000061dc00000, 0x000000061e000000, 0x000000061e000000|100%| S|CS|TAMS 0x000000061dc00000, 0x000000061dc00000| Complete 
| 117|0x000000061e000000, 0x000000061e400000, 0x000000061e400000|100%| S|CS|TAMS 0x000000061e000000, 0x000000061e000000| Complete 
| 118|0x000000061e400000, 0x000000061e400000, 0x000000061e800000|  0%| F|  |TAMS 0x000000061e400000, 0x000000061e400000| Untracked 
| 119|0x000000061e800000, 0x000000061e800000, 0x000000061ec00000|  0%| F|  |TAMS 0x000000061e800000, 0x000000061e800000| Untracked 
| 120|0x000000061ec00000, 0x000000061ed6e718, 0x000000061f000000| 35%| E|  |TAMS 0x000000061ec00000, 0x000000061ec00000| Complete 
| 121|0x000000061f000000, 0x000000061f400000, 0x000000061f400000|100%| E|CS|TAMS 0x000000061f000000, 0x000000061f000000| Complete 
| 122|0x000000061f400000, 0x000000061f800000, 0x000000061f800000|100%| E|CS|TAMS 0x000000061f400000, 0x000000061f400000| Complete 
| 123|0x000000061f800000, 0x000000061fc00000, 0x000000061fc00000|100%| E|CS|TAMS 0x000000061f800000, 0x000000061f800000| Complete 
| 124|0x000000061fc00000, 0x0000000620000000, 0x0000000620000000|100%| E|CS|TAMS 0x000000061fc00000, 0x000000061fc00000| Complete 
| 125|0x0000000620000000, 0x0000000620400000, 0x0000000620400000|100%| E|CS|TAMS 0x0000000620000000, 0x0000000620000000| Complete 
| 126|0x0000000620400000, 0x0000000620800000, 0x0000000620800000|100%| E|CS|TAMS 0x0000000620400000, 0x0000000620400000| Complete 
| 127|0x0000000620800000, 0x0000000620c00000, 0x0000000620c00000|100%| E|CS|TAMS 0x0000000620800000, 0x0000000620800000| Complete 

Card table byte_map: [0x00000187f5000000,0x00000187f6000000] _byte_map_base: 0x00000187f1ffa000

Marking Bits (Prev, Next): (CMBitMap*) 0x00000187db6996b0, (CMBitMap*) 0x00000187db6996f0
 Prev Bits: [0x00000187f7000000, 0x00000187fefd0000)
 Next Bits: [0x0000018780000000, 0x0000018787fd0000)

Polling page: 0x00000187db700000

Metaspace:

Usage:
  Non-class:      9.50 MB used.
      Class:    853.89 KB used.
       Both:     10.33 MB used.

Virtual space:
  Non-class space:       16.00 MB reserved,       9.56 MB ( 60%) committed,  2 nodes.
      Class space:        1.00 GB reserved,     960.00 KB ( <1%) committed,  1 nodes.
              Both:        1.02 GB reserved,      10.50 MB (  1%) committed. 

Chunk freelists:
   Non-Class:  1.75 MB
       Class:  2.91 MB
        Both:  4.66 MB

MaxMetaspaceSize: 17179869184.00 GB
CompressedClassSpaceSize: 1.00 GB
 - commit_granule_bytes: 65536.
 - commit_granule_words: 8192.
 - virtual_space_node_default_size: 1048576.
 - enlarge_chunks_in_place: 1.
 - new_chunks_are_fully_committed: 0.
 - uncommit_free_chunks: 1.
 - use_allocation_guard: 0.
 - handle_deallocations: 1.


Internal statistics:

num_allocs_failed_limit: 0.
num_arena_births: 52.
num_arena_deaths: 0.
num_vsnodes_births: 3.
num_vsnodes_deaths: 0.
num_space_committed: 166.
num_space_uncommitted: 0.
num_chunks_returned_to_freelist: 0.
num_chunks_taken_from_freelist: 334.
num_chunk_merges: 0.
num_chunk_splits: 249.
num_chunks_enlarged: 206.
num_purges: 0.

CodeHeap 'non-profiled nmethods': size=120000Kb used=2514Kb max_used=2772Kb free=117485Kb
 bounds [0x00000187ec070000, 0x00000187ec340000, 0x00000187f35a0000]
CodeHeap 'profiled nmethods': size=120000Kb used=4428Kb max_used=5958Kb free=115571Kb
 bounds [0x00000187e4b40000, 0x00000187e5130000, 0x00000187ec070000]
CodeHeap 'non-nmethods': size=5760Kb used=1333Kb max_used=1374Kb free=4426Kb
 bounds [0x00000187e45a0000, 0x00000187e4810000, 0x00000187e4b40000]
 total_blobs=3233 nmethods=2561 adapters=584
 compilation: enabled
              stopped_count=0, restarted_count=0
 full_count=0

Compilation events (20 events):
Event: 64.894 Thread 0x00000187ffad6e10 3283       4       com.badlogic.gdx.physics.box2d.Box2DDebugRenderer::getColorByBody (59 bytes)
Event: 64.896 Thread 0x00000187ffad6e10 nmethod 3283 0x00000187ec0ba810 code [0x00000187ec0ba9c0, 0x00000187ec0bab50]
Event: 65.071 Thread 0x00000187ffad9910 3284       3       com.mygdx.game.framework.debug.world.gameObjects.GameObjectSwitchDoor::active (82 bytes)
Event: 65.072 Thread 0x00000187ffad9910 nmethod 3284 0x00000187e4ecca10 code [0x00000187e4eccc40, 0x00000187e4ecd438]
Event: 65.505 Thread 0x00000187ffad9910 3285       3       java.util.Formatter::ensureOpen (16 bytes)
Event: 65.505 Thread 0x00000187ffad9910 nmethod 3285 0x00000187e4f5f990 code [0x00000187e4f5fb40, 0x00000187e4f5fd08]
Event: 65.656 Thread 0x00000187ffad6e10 3286       4       com.badlogic.gdx.physics.box2d.Box2DDebugRenderer::renderBody (102 bytes)
Event: 65.668 Thread 0x00000187ffad6e10 nmethod 3286 0x00000187ec2dc110 code [0x00000187ec2dc340, 0x00000187ec2dcd50]
Event: 66.020 Thread 0x00000187ffad9910 3287       3       java.util.Locale::equals (75 bytes)
Event: 66.020 Thread 0x00000187ffad9910 nmethod 3287 0x00000187e4e33e90 code [0x00000187e4e340a0, 0x00000187e4e34858]
Event: 66.037 Thread 0x00000187ffad6e10 3288       4       com.badlogic.gdx.utils.LongMap::get (88 bytes)
Event: 66.039 Thread 0x00000187ffad6e10 nmethod 3288 0x00000187ec2dbc10 code [0x00000187ec2dbda0, 0x00000187ec2dbf88]
Event: 66.054 Thread 0x00000187ffad6e10 3289       4       com.badlogic.gdx.backends.lwjgl.LwjglGL20::glDrawArrays (7 bytes)
Event: 66.056 Thread 0x00000187ffad6e10 nmethod 3289 0x00000187ec1cd890 code [0x00000187ec1cda20, 0x00000187ec1cdb88]
Event: 66.170 Thread 0x00000187ffad6e10 3290       4       com.badlogic.gdx.maps.tiled.BaseTmxMapLoader::createTileLayerCell (100 bytes)
Event: 66.171 Thread 0x00000187ffad6e10 nmethod 3290 0x00000187ec1cd510 code [0x00000187ec1cd6a0, 0x00000187ec1cd7b8]
Event: 66.171 Thread 0x00000187ffad6e10 3291       4       com.badlogic.gdx.maps.tiled.TiledMapTileLayer::setCell (36 bytes)
Event: 66.171 Thread 0x00000187ffad9910 3292       3       java.util.concurrent.locks.ReentrantLock$Sync::tryRelease (51 bytes)
Event: 66.171 Thread 0x00000187ffad9910 nmethod 3292 0x00000187e505fe10 code [0x00000187e505ffe0, 0x00000187e5060348]
Event: 66.173 Thread 0x00000187ffad6e10 nmethod 3291 0x00000187ec1e0310 code [0x00000187ec1e04a0, 0x00000187ec1e06f8]

GC Heap History (10 events):
Event: 1.232 GC heap before
{Heap before GC invocations=0 (full 0):
 garbage-first heap   total 524288K, used 20480K [0x0000000600c00000, 0x0000000800000000)
  region size 4096K, 6 young (24576K), 0 survivors (0K)
 Metaspace       used 6996K, committed 7168K, reserved 1056768K
  class space    used 572K, committed 640K, reserved 1048576K
}
Event: 1.236 GC heap after
{Heap after GC invocations=1 (full 0):
 garbage-first heap   total 524288K, used 3680K [0x0000000600c00000, 0x0000000800000000)
  region size 4096K, 1 young (4096K), 1 survivors (4096K)
 Metaspace       used 6996K, committed 7168K, reserved 1056768K
  class space    used 572K, committed 640K, reserved 1048576K
}
Event: 19.313 GC heap before
{Heap before GC invocations=1 (full 0):
 garbage-first heap   total 524288K, used 24160K [0x0000000600c00000, 0x0000000800000000)
  region size 4096K, 7 young (28672K), 1 survivors (4096K)
 Metaspace       used 9219K, committed 9408K, reserved 1064960K
  class space    used 784K, committed 896K, reserved 1048576K
}
Event: 19.317 GC heap after
{Heap after GC invocations=2 (full 0):
 garbage-first heap   total 524288K, used 8186K [0x0000000600c00000, 0x0000000800000000)
  region size 4096K, 1 young (4096K), 1 survivors (4096K)
 Metaspace       used 9219K, committed 9408K, reserved 1064960K
  class space    used 784K, committed 896K, reserved 1048576K
}
Event: 42.019 GC heap before
{Heap before GC invocations=2 (full 0):
 garbage-first heap   total 524288K, used 61434K [0x0000000600c00000, 0x0000000800000000)
  region size 4096K, 15 young (61440K), 1 survivors (4096K)
 Metaspace       used 10288K, committed 10496K, reserved 1064960K
  class space    used 843K, committed 960K, reserved 1048576K
}
Event: 42.047 GC heap after
{Heap after GC invocations=3 (full 0):
 garbage-first heap   total 524288K, used 35027K [0x0000000600c00000, 0x0000000800000000)
  region size 4096K, 2 young (8192K), 2 survivors (8192K)
 Metaspace       used 10288K, committed 10496K, reserved 1064960K
  class space    used 843K, committed 960K, reserved 1048576K
}
Event: 45.714 GC heap before
{Heap before GC invocations=3 (full 0):
 garbage-first heap   total 524288K, used 51411K [0x0000000600c00000, 0x0000000800000000)
  region size 4096K, 6 young (24576K), 2 survivors (8192K)
 Metaspace       used 10361K, committed 10560K, reserved 1064960K
  class space    used 848K, committed 960K, reserved 1048576K
}
Event: 45.724 GC heap after
{Heap after GC invocations=4 (full 0):
 garbage-first heap   total 524288K, used 40960K [0x0000000600c00000, 0x0000000800000000)
  region size 4096K, 1 young (4096K), 1 survivors (4096K)
 Metaspace       used 10361K, committed 10560K, reserved 1064960K
  class space    used 848K, committed 960K, reserved 1048576K
}
Event: 56.728 GC heap before
{Heap before GC invocations=4 (full 0):
 garbage-first heap   total 524288K, used 73728K [0x0000000600c00000, 0x0000000800000000)
  region size 4096K, 10 young (40960K), 1 survivors (4096K)
 Metaspace       used 10485K, committed 10624K, reserved 1064960K
  class space    used 848K, committed 960K, reserved 1048576K
}
Event: 56.739 GC heap after
{Heap after GC invocations=5 (full 0):
 garbage-first heap   total 524288K, used 57625K [0x0000000600c00000, 0x0000000800000000)
  region size 4096K, 2 young (8192K), 2 survivors (8192K)
 Metaspace       used 10485K, committed 10624K, reserved 1064960K
  class space    used 848K, committed 960K, reserved 1048576K
}

Deoptimization events (20 events):
Event: 61.199 Thread 0x000001878b0f22a0 Uncommon trap: trap_request=0xffffff45 fr.pc=0x00000187ec2bf348 relative=0x0000000000005c68
Event: 61.199 Thread 0x000001878b0f22a0 Uncommon trap: reason=unstable_if action=reinterpret pc=0x00000187ec2bf348 method=com.mygdx.game.framework.debug.screens.PlayScreen.update(F)V @ 109 c2
Event: 61.199 Thread 0x000001878b0f22a0 DEOPT PACKING pc=0x00000187ec2bf348 sp=0x0000005ad27fe7d0
Event: 61.200 Thread 0x000001878b0f22a0 DEOPT UNPACKING pc=0x00000187e45ed72e sp=0x0000005ad27fe7c0 mode 2
Event: 61.200 Thread 0x000001878b0f22a0 Uncommon trap: trap_request=0xffffff45 fr.pc=0x00000187ec1f5128 relative=0x0000000000005e08
Event: 61.200 Thread 0x000001878b0f22a0 Uncommon trap: reason=unstable_if action=reinterpret pc=0x00000187ec1f5128 method=com.badlogic.gdx.physics.box2d.Body.getType()Lcom/badlogic/gdx/physics/box2d/BodyDef$BodyType; @ 19 c2
Event: 61.200 Thread 0x000001878b0f22a0 DEOPT PACKING pc=0x00000187ec1f5128 sp=0x0000005ad27fe7c0
Event: 61.200 Thread 0x000001878b0f22a0 DEOPT UNPACKING pc=0x00000187e45ed72e sp=0x0000005ad27fe658 mode 2
Event: 61.200 Thread 0x000001878b0f22a0 Uncommon trap: trap_request=0xffffff45 fr.pc=0x00000187ec1bde1c relative=0x000000000000085c
Event: 61.200 Thread 0x000001878b0f22a0 Uncommon trap: reason=unstable_if action=reinterpret pc=0x00000187ec1bde1c method=com.badlogic.gdx.physics.box2d.Body.getType()Lcom/badlogic/gdx/physics/box2d/BodyDef$BodyType; @ 19 c2
Event: 61.200 Thread 0x000001878b0f22a0 DEOPT PACKING pc=0x00000187ec1bde1c sp=0x0000005ad27fe760
Event: 61.200 Thread 0x000001878b0f22a0 DEOPT UNPACKING pc=0x00000187e45ed72e sp=0x0000005ad27fe650 mode 2
Event: 61.200 Thread 0x000001878b0f22a0 Uncommon trap: trap_request=0xffffff45 fr.pc=0x00000187ec1b2ca0 relative=0x00000000000000e0
Event: 61.200 Thread 0x000001878b0f22a0 Uncommon trap: reason=unstable_if action=reinterpret pc=0x00000187ec1b2ca0 method=com.badlogic.gdx.physics.box2d.Body.getType()Lcom/badlogic/gdx/physics/box2d/BodyDef$BodyType; @ 19 c2
Event: 61.200 Thread 0x000001878b0f22a0 DEOPT PACKING pc=0x00000187ec1b2ca0 sp=0x0000005ad27fe720
Event: 61.200 Thread 0x000001878b0f22a0 DEOPT UNPACKING pc=0x00000187e45ed72e sp=0x0000005ad27fe650 mode 2
Event: 61.201 Thread 0x000001878b0f22a0 Uncommon trap: trap_request=0xffffffc6 fr.pc=0x00000187ec151e8c relative=0x0000000000000c4c
Event: 61.201 Thread 0x000001878b0f22a0 Uncommon trap: reason=bimorphic_or_optimized_type_check action=maybe_recompile pc=0x00000187ec151e8c method=com.badlogic.gdx.scenes.scene2d.Actor.act(F)V @ 61 c2
Event: 61.201 Thread 0x000001878b0f22a0 DEOPT PACKING pc=0x00000187ec151e8c sp=0x0000005ad27fe720
Event: 61.201 Thread 0x000001878b0f22a0 DEOPT UNPACKING pc=0x00000187e45ed72e sp=0x0000005ad27fe6f0 mode 2

Classes unloaded (0 events):
No events

Classes redefined (0 events):
No events

Internal exceptions (17 events):
Event: 0.128 Thread 0x000001878aa5d7f0 Exception <a 'java/lang/NoSuchMethodError'{0x0000000620ab8fd0}: 'java.lang.Object java.lang.invoke.DirectMethodHandle$Holder.invokeStatic(java.lang.Object)'> (0x0000000620ab8fd0) 
thrown [t:\workspace\open\src\hotspot\share\interpreter\linkResolver.cpp, line 790]
Event: 0.130 Thread 0x000001878aa5d7f0 Exception <a 'java/lang/NoSuchMethodError'{0x0000000620abe6d8}: 'java.lang.Object java.lang.invoke.DirectMethodHandle$Holder.invokeStaticInit(java.lang.Object)'> (0x0000000620abe6d8) 
thrown [t:\workspace\open\src\hotspot\share\interpreter\linkResolver.cpp, line 790]
Event: 0.139 Thread 0x000001878aa5d7f0 Exception <a 'java/lang/NoSuchMethodError'{0x0000000620ad7f78}: 'void java.lang.invoke.DirectMethodHandle$Holder.invokeStatic(java.lang.Object, java.lang.Object)'> (0x0000000620ad7f78) 
thrown [t:\workspace\open\src\hotspot\share\interpreter\linkResolver.cpp, line 790]
Event: 0.191 Thread 0x00000187db6222f0 Exception <a 'java/lang/NoSuchMethodError'{0x000000062047e3b0}: 'java.lang.Object java.lang.invoke.DirectMethodHandle$Holder.invokeStaticInit(java.lang.Object, int, int, int, int)'> (0x000000062047e3b0) 
thrown [t:\workspace\open\src\hotspot\share\interpreter\linkResolver.cpp, line 790]
Event: 0.236 Thread 0x00000187db6222f0 Exception <a 'java/lang/NoSuchMethodError'{0x00000006204f46b0}: 'java.lang.Object java.lang.invoke.DirectMethodHandle$Holder.invokeStaticInit(java.lang.Object, java.lang.Object, int, int, int, int)'> (0x00000006204f46b0) 
thrown [t:\workspace\open\src\hotspot\share\interpreter\linkResolver.cpp, line 790]
Event: 0.274 Thread 0x00000187db6222f0 Exception <a 'java/lang/NoSuchMethodError'{0x00000006205abb28}: 'java.lang.Object java.lang.invoke.DirectMethodHandle$Holder.invokeInterface(java.lang.Object, java.lang.Object)'> (0x00000006205abb28) 
thrown [t:\workspace\open\src\hotspot\share\interpreter\linkResolver.cpp, line 790]
Event: 0.275 Thread 0x00000187db6222f0 Exception <a 'java/lang/IncompatibleClassChangeError'{0x00000006205af6e8}: Found class java.lang.Object, but interface was expected> (0x00000006205af6e8) 
thrown [t:\workspace\open\src\hotspot\share\interpreter\linkResolver.cpp, line 857]
Event: 0.836 Thread 0x000001878b0f22a0 Exception <a 'java/lang/NoSuchMethodError'{0x00000006203a1de0}: 'java.lang.Object java.lang.invoke.Invokers$Holder.invoke_MT(java.lang.Object, java.lang.Object, java.lang.Object)'> (0x00000006203a1de0) 
thrown [t:\workspace\open\src\hotspot\share\interpreter\linkResolver.cpp, line 790]
Event: 1.000 Thread 0x000001878b0f22a0 Exception <a 'java/lang/NoSuchMethodError'{0x000000061fa41ba0}: static Lcom/mygdx/game/framework/debug/SaveGamePlayerDataHolderClass$PowerUp;.<clinit>()V> (0x000000061fa41ba0) 
thrown [t:\workspace\open\src\hotspot\share\prims\jni.cpp, line 1210]
Event: 19.256 Thread 0x000001878b0f22a0 Implicit null exception at 0x00000187ec097655 to 0x00000187ec097c24
Event: 19.256 Thread 0x000001878b0f22a0 Implicit null exception at 0x00000187ec08f652 to 0x00000187ec08fc14
Event: 42.009 Thread 0x000001878b0f22a0 Implicit null exception at 0x00000187ec2a3d21 to 0x00000187ec2a4d84
Event: 42.233 Thread 0x000001878b0f22a0 Implicit null exception at 0x00000187ec272d64 to 0x00000187ec279ccc
Event: 42.243 Thread 0x000001878b0f22a0 Implicit null exception at 0x00000187ec2205cc to 0x00000187ec22065a
Event: 42.243 Thread 0x000001878b0f22a0 Implicit null exception at 0x00000187ec2214cc to 0x00000187ec22155a
Event: 42.243 Thread 0x000001878b0f22a0 Implicit null exception at 0x00000187ec22114c to 0x00000187ec2211da
Event: 42.243 Thread 0x000001878b0f22a0 Implicit null exception at 0x00000187ec23964c to 0x00000187ec2396da

Events (20 events):
Event: 49.153 Thread 0x00000187ffada350 flushing nmethod 0x00000187e510a090
Event: 49.153 Thread 0x00000187ffada350 flushing nmethod 0x00000187e510b090
Event: 50.151 Executing  VM operation: Cleanup
Event: 50.151 Executing  VM operation: Cleanup done
Event: 52.151 Executing  VM operation: Cleanup
Event: 52.152 Executing  VM operation: Cleanup done
Event: 53.152 Executing  VM operation: Cleanup
Event: 53.152 Executing  VM operation: Cleanup done
Event: 54.152 Executing  VM operation: Cleanup
Event: 54.152 Executing  VM operation: Cleanup done
Event: 55.153 Executing  VM operation: Cleanup
Event: 55.153 Executing  VM operation: Cleanup done
Event: 56.728 Executing  VM operation: G1CollectForAllocation
Event: 56.739 Executing  VM operation: G1CollectForAllocation done
Event: 61.742 Executing  VM operation: Cleanup
Event: 61.742 Executing  VM operation: Cleanup done
Event: 62.742 Executing  VM operation: Cleanup
Event: 62.742 Executing  VM operation: Cleanup done
Event: 64.744 Executing  VM operation: Cleanup
Event: 64.744 Executing  VM operation: Cleanup done


Dynamic libraries:
0x00007ff760ab0000 - 0x00007ff760abe000 	G:\Programming\OpenJDK\bin\java.exe
0x00007ffe13550000 - 0x00007ffe13745000 	C:\WINDOWS\SYSTEM32\ntdll.dll
0x00007ffe122b0000 - 0x00007ffe1236e000 	C:\WINDOWS\System32\KERNEL32.DLL
0x00007ffe112d0000 - 0x00007ffe11599000 	C:\WINDOWS\System32\KERNELBASE.dll
0x00007ffe11170000 - 0x00007ffe11270000 	C:\WINDOWS\System32\ucrtbase.dll
0x00007ffdf1b00000 - 0x00007ffdf1b18000 	G:\Programming\OpenJDK\bin\jli.dll
0x00007ffdf4310000 - 0x00007ffdf4329000 	G:\Programming\OpenJDK\bin\VCRUNTIME140.dll
0x00007ffe11f50000 - 0x00007ffe120f1000 	C:\WINDOWS\System32\USER32.dll
0x00007ffdfe320000 - 0x00007ffdfe5ba000 	C:\WINDOWS\WinSxS\amd64_microsoft.windows.common-controls_6595b64144ccf1df_6.0.19041.1110_none_60b5254171f9507e\COMCTL32.dll
0x00007ffe10f20000 - 0x00007ffe10f42000 	C:\WINDOWS\System32\win32u.dll
0x00007ffe11d90000 - 0x00007ffe11e2e000 	C:\WINDOWS\System32\msvcrt.dll
0x00007ffe134e0000 - 0x00007ffe1350b000 	C:\WINDOWS\System32\GDI32.dll
0x00007ffe10e10000 - 0x00007ffe10f1b000 	C:\WINDOWS\System32\gdi32full.dll
0x00007ffe10c70000 - 0x00007ffe10d0d000 	C:\WINDOWS\System32\msvcp_win.dll
0x00007ffe12f10000 - 0x00007ffe12f40000 	C:\WINDOWS\System32\IMM32.DLL
0x00007ffdf8340000 - 0x00007ffdf834c000 	G:\Programming\OpenJDK\bin\vcruntime140_1.dll
0x00007ffddf3a0000 - 0x00007ffddf431000 	G:\Programming\OpenJDK\bin\msvcp140.dll
0x00007ffdc4090000 - 0x00007ffdc4c3b000 	G:\Programming\OpenJDK\bin\server\jvm.dll
0x00007ffe12370000 - 0x00007ffe1241c000 	C:\WINDOWS\System32\ADVAPI32.dll
0x00007ffe12430000 - 0x00007ffe124cb000 	C:\WINDOWS\System32\sechost.dll
0x00007ffe12de0000 - 0x00007ffe12f0a000 	C:\WINDOWS\System32\RPCRT4.dll
0x00007ffe12420000 - 0x00007ffe12428000 	C:\WINDOWS\System32\PSAPI.DLL
0x00007ffdfbc10000 - 0x00007ffdfbc19000 	C:\WINDOWS\SYSTEM32\WSOCK32.dll
0x00007ffe02eb0000 - 0x00007ffe02ed7000 	C:\WINDOWS\SYSTEM32\WINMM.dll
0x00007ffe0a000000 - 0x00007ffe0a00a000 	C:\WINDOWS\SYSTEM32\VERSION.dll
0x00007ffe12f40000 - 0x00007ffe12fab000 	C:\WINDOWS\System32\WS2_32.dll
0x00007ffe0eab0000 - 0x00007ffe0eac2000 	C:\WINDOWS\SYSTEM32\kernel.appcore.dll
0x00007ffdf7c10000 - 0x00007ffdf7c1a000 	G:\Programming\OpenJDK\bin\jimage.dll
0x00007ffdfe9b0000 - 0x00007ffdfeb94000 	C:\WINDOWS\SYSTEM32\DBGHELP.DLL
0x00007ffdfe280000 - 0x00007ffdfe2ac000 	C:\WINDOWS\SYSTEM32\dbgcore.DLL
0x00007ffe10f50000 - 0x00007ffe10fd3000 	C:\WINDOWS\System32\bcryptPrimitives.dll
0x00007ffde30d0000 - 0x00007ffde30f5000 	G:\Programming\OpenJDK\bin\java.dll
0x00007ffe11650000 - 0x00007ffe11d8f000 	C:\WINDOWS\System32\SHELL32.dll
0x00007ffe0ed90000 - 0x00007ffe0f520000 	C:\WINDOWS\SYSTEM32\windows.storage.dll
0x00007ffe13010000 - 0x00007ffe13365000 	C:\WINDOWS\System32\combase.dll
0x00007ffe106c0000 - 0x00007ffe106ec000 	C:\WINDOWS\SYSTEM32\Wldp.dll
0x00007ffe12d30000 - 0x00007ffe12dde000 	C:\WINDOWS\System32\SHCORE.dll
0x00007ffe12b00000 - 0x00007ffe12b55000 	C:\WINDOWS\System32\shlwapi.dll
0x00007ffe10bb0000 - 0x00007ffe10bcf000 	C:\WINDOWS\SYSTEM32\profapi.dll
0x00007ffdf1aa0000 - 0x00007ffdf1ab9000 	G:\Programming\OpenJDK\bin\net.dll
0x00007ffe07020000 - 0x00007ffe07128000 	C:\WINDOWS\SYSTEM32\WINHTTP.dll
0x00007ffe10420000 - 0x00007ffe1048a000 	C:\WINDOWS\system32\mswsock.dll
0x00007ffdf0820000 - 0x00007ffdf0833000 	G:\Programming\OpenJDK\bin\nio.dll
0x00007ffde38a0000 - 0x00007ffde38b8000 	G:\Programming\OpenJDK\bin\zip.dll
0x00007ffdf66d0000 - 0x00007ffdf66e0000 	G:\Programming\OpenJDK\bin\verify.dll
0x00007ffde2ef0000 - 0x00007ffde2f0a000 	G:\Programming\AndroidStudio\bin\breakgen64.dll
0x0000000065ac0000 - 0x0000000065b0b000 	C:\Users\rl\AppData\Local\Temp\libgdxrl\7d76f548\gdx64.dll
0x00007ffe10610000 - 0x00007ffe10628000 	C:\WINDOWS\SYSTEM32\CRYPTSP.dll
0x00007ffe0fd30000 - 0x00007ffe0fd64000 	C:\WINDOWS\system32\rsaenh.dll
0x00007ffe11140000 - 0x00007ffe11167000 	C:\WINDOWS\System32\bcrypt.dll
0x00007ffe10b70000 - 0x00007ffe10b9e000 	C:\WINDOWS\SYSTEM32\USERENV.dll
0x00007ffe10630000 - 0x00007ffe1063c000 	C:\WINDOWS\SYSTEM32\CRYPTBASE.dll
0x00007ffe100c0000 - 0x00007ffe100fb000 	C:\WINDOWS\SYSTEM32\IPHLPAPI.DLL
0x00007ffe12d20000 - 0x00007ffe12d28000 	C:\WINDOWS\System32\NSI.dll
0x00007ffe0a340000 - 0x00007ffe0a357000 	C:\WINDOWS\SYSTEM32\dhcpcsvc6.DLL
0x00007ffe0a320000 - 0x00007ffe0a33d000 	C:\WINDOWS\SYSTEM32\dhcpcsvc.DLL
0x00007ffe10110000 - 0x00007ffe101dc000 	C:\WINDOWS\SYSTEM32\DNSAPI.dll
0x0000000180000000 - 0x0000000180053000 	C:\Users\rl\AppData\Local\Temp\libgdxrl\1cecf4f6\lwjgl64.dll
0x00007ffde4190000 - 0x00007ffde42b5000 	C:\WINDOWS\SYSTEM32\OPENGL32.dll
0x00007ffdf9bf0000 - 0x00007ffdf9c1c000 	C:\WINDOWS\SYSTEM32\GLU32.dll
0x000001878b980000 - 0x000001878b9e4000 	C:\Users\rl\AppData\Local\Temp\libgdxrl\1cecf4f6\OpenAL64.dll
0x00007ffe12550000 - 0x00007ffe1267a000 	C:\WINDOWS\System32\ole32.dll
0x00007ffe0e6d0000 - 0x00007ffe0e76e000 	C:\WINDOWS\system32\uxtheme.dll
0x00007ffe115a0000 - 0x00007ffe11649000 	C:\WINDOWS\System32\clbcatq.dll
0x00007ffddf300000 - 0x00007ffddf39c000 	C:\WINDOWS\SYSTEM32\dsound.dll
0x00007ffdee4c0000 - 0x00007ffdee4e6000 	C:\WINDOWS\SYSTEM32\winmmbase.dll
0x00007ffe10230000 - 0x00007ffe1027b000 	C:\WINDOWS\SYSTEM32\powrprof.dll
0x00007ffe100a0000 - 0x00007ffe100b2000 	C:\WINDOWS\SYSTEM32\UMPDC.dll
0x00007ffe0b280000 - 0x00007ffe0b305000 	C:\WINDOWS\System32\MMDevApi.dll
0x00007ffe10a10000 - 0x00007ffe10a44000 	C:\WINDOWS\System32\DEVOBJ.dll
0x00007ffe10dc0000 - 0x00007ffe10e0e000 	C:\WINDOWS\System32\cfgmgr32.dll
0x00007ffe0b3a0000 - 0x00007ffe0b521000 	C:\WINDOWS\SYSTEM32\AUDIOSES.DLL
0x00007ffe12c50000 - 0x00007ffe12d1d000 	C:\WINDOWS\System32\OLEAUT32.dll
0x00007ffe0e790000 - 0x00007ffe0e7a4000 	C:\WINDOWS\SYSTEM32\resourcepolicyclient.dll
0x00007ffe095d0000 - 0x00007ffe0967e000 	C:\WINDOWS\SYSTEM32\mscms.dll
0x00007ffe095b0000 - 0x00007ffe095c1000 	C:\WINDOWS\SYSTEM32\ColorAdapterClient.dll
0x00007ffe11e30000 - 0x00007ffe11f45000 	C:\WINDOWS\System32\MSCTF.dll
0x00007ffe07320000 - 0x00007ffe07419000 	C:\WINDOWS\SYSTEM32\textinputframework.dll
0x00007ffe0e170000 - 0x00007ffe0e4ce000 	C:\WINDOWS\System32\CoreUIComponents.dll
0x00007ffe0dbf0000 - 0x00007ffe0dce2000 	C:\WINDOWS\System32\CoreMessaging.dll
0x00007ffe0d860000 - 0x00007ffe0d9b4000 	C:\WINDOWS\SYSTEM32\wintypes.dll
0x00007ffe0f960000 - 0x00007ffe0f993000 	C:\WINDOWS\SYSTEM32\ntmarta.dll
0x00007ffdf6950000 - 0x00007ffdf69b6000 	C:\WINDOWS\system32\Oleacc.dll
0x00007ffe0a5e0000 - 0x00007ffe0a6d9000 	C:\Windows\System32\AppXDeploymentClient.dll
0x00007ffdba150000 - 0x00007ffdbcae9000 	C:\WINDOWS\System32\DriverStore\FileRepository\nv_dispi.inf_amd64_60daf66a00f2e0b6\nvoglv64.dll
0x00007ffe12680000 - 0x00007ffe12af2000 	C:\WINDOWS\System32\SETUPAPI.dll
0x00007ffe0e4d0000 - 0x00007ffe0e4e4000 	C:\WINDOWS\SYSTEM32\WTSAPI32.dll
0x00007ffe10850000 - 0x00007ffe10862000 	C:\WINDOWS\SYSTEM32\msasn1.dll
0x00007ffe09e00000 - 0x00007ffe09e31000 	C:\WINDOWS\SYSTEM32\cryptnet.dll
0x00007ffe10fe0000 - 0x00007ffe11136000 	C:\WINDOWS\System32\CRYPT32.dll
0x00007ffe11270000 - 0x00007ffe112d0000 	C:\WINDOWS\System32\WINTRUST.dll
0x00007ffe072e0000 - 0x00007ffe0731b000 	C:\WINDOWS\SYSTEM32\dxcore.dll
0x00007ffe0ea80000 - 0x00007ffe0eaaf000 	C:\WINDOWS\SYSTEM32\dwmapi.dll
0x00007ffe07f70000 - 0x00007ffe07fb3000 	C:\WINDOWS\SYSTEM32\icm32.dll
0x00007ffe0fa10000 - 0x00007ffe0fa6a000 	C:\WINDOWS\SYSTEM32\WINSTA.dll
0x0000000069a80000 - 0x0000000069b2b000 	C:\Users\rl\AppData\Local\Temp\libgdxrl\fd391f27\gdx-freetype64.dll
0x000000006e9c0000 - 0x000000006ea1b000 	C:\Users\rl\AppData\Local\Temp\libgdxrl\b8f13a6a\gdx-box2d64.dll

dbghelp: loaded successfully - version: 4.0.5 - missing functions: none
symbol engine: initialized successfully - sym options: 0x614 - pdb path: .;G:\Programming\OpenJDK\bin;C:\WINDOWS\SYSTEM32;C:\WINDOWS\WinSxS\amd64_microsoft.windows.common-controls_6595b64144ccf1df_6.0.19041.1110_none_60b5254171f9507e;G:\Programming\OpenJDK\bin\server;G:\Programming\AndroidStudio\bin;C:\Users\rl\AppData\Local\Temp\libgdxrl\7d76f548;C:\Users\rl\AppData\Local\Temp\libgdxrl\1cecf4f6;C:\WINDOWS\System32\DriverStore\FileRepository\nv_dispi.inf_amd64_60daf66a00f2e0b6;C:\Users\rl\AppData\Local\Temp\libgdxrl\fd391f27;C:\Users\rl\AppData\Local\Temp\libgdxrl\b8f13a6a

VM Arguments:
jvm_args: -Didea.launcher.port=53017 -Didea.launcher.bin.path=G:\Programming\AndroidStudio\bin -Dfile.encoding=UTF-8 
java_command: com.intellij.rt.execution.application.AppMainV2 com.mygdx.game.framework.debug.desktop.DesktopLauncher
java_class_path (initial): G:\Programming\ProsjektFolders\androidStudioWorkspace\ProFrameWorkBubbleDragon\BubbleDragon\desktop\build\classes\java\main;G:\Programming\ProsjektFolders\androidStudioWorkspace\ProFrameWorkBubbleDragon\BubbleDragon\desktop\build\resources\main;G:\Programming\ProsjektFolders\androidStudioWorkspace\ProFrameWorkBubbleDragon\BubbleDragon\core\build\classes\java\main;C:\Users\rl\.gradle\caches\modules-2\files-2.1\com.badlogicgames.gdx\gdx-tools\1.9.10\67524f012868e0cff57531b5bfda2781d00c6b1f\gdx-tools-1.9.10.jar;C:\Users\rl\.gradle\caches\modules-2\files-2.1\com.badlogicgames.gdx\gdx-backend-lwjgl\1.9.10\8f88abd43500d94c486d25f04d642318da72773a\gdx-backend-lwjgl-1.9.10.jar;C:\Users\rl\.gradle\caches\modules-2\files-2.1\com.badlogicgames.gdx\gdx-platform\1.9.10\1907b49f8363dd1ee37d273854a9cc3c741a6e66\gdx-platform-1.9.10-natives-desktop.jar;C:\Users\rl\.gradle\caches\modules-2\files-2.1\com.badlogicgames.gdx\gdx-box2d-platform\1.9.10\91b19c283b24eec646a18e0e7b940c829920df4f\gdx-box2d-platform-1.9.10-natives-desktop.jar;C:\Users\rl\.gradle\caches\modules-2\files-2.1\com.badlogicgames.gdx\gdx-controllers-desktop\1.9.10\a718403da411eb0bf9773c548c8414e78a91f57c\gdx-controllers-desktop-1.9.10.jar;C:\Users\rl\.gradle\caches\modules-2\files-2.1\com.badlogicgames.gdx\gdx-controllers-platform\1.9.10\704ce30819e2f32b540462d029a0496ebbf2f9fd\gdx-controllers-platform-1.9.10-natives-desktop.jar;C:\Users\rl\.gradle\caches\modules-2\files-2.1\com.badlogicgames.gdx\gdx-freetype-platform\1.9.10\5c4b67db9c1d62383b718ce040c7cdb555d5b19f\gdx-freetype-platform-1.9.10-natives-desktop.jar;C:\Users\rl\.gradle\caches\modules-2\files-2.1\com.badlogicgames.gdx\gdx-bullet-platform\1.9.10\ad7c3c0fff16dacf0ff137407060f8b5841bbe8f\gdx-bullet-platform-1.9.10-natives-desktop.jar;C:\Users\rl\.gradle\caches\modules-2\files-2.1\com.badlogicgames.gdx\gdx-controllers\1.9.10\b63b3ad62050405148be30ffd2e1946c13123cec\gdx-controllers-1.9.10.jar;C:\Users\rl\.gradle\caches\modules-2\fi
Launcher Type: SUN_STANDARD

[Global flags]
     intx CICompilerCount                          = 4                                         {product} {ergonomic}
     uint ConcGCThreads                            = 2                                         {product} {ergonomic}
     uint G1ConcRefinementThreads                  = 8                                         {product} {ergonomic}
   size_t G1HeapRegionSize                         = 4194304                                   {product} {ergonomic}
    uintx GCDrainStackTargetSize                   = 64                                        {product} {ergonomic}
   size_t InitialHeapSize                          = 536870912                                 {product} {ergonomic}
   size_t MarkStackSize                            = 4194304                                   {product} {ergonomic}
   size_t MaxHeapSize                              = 8577351680                                {product} {ergonomic}
   size_t MaxNewSize                               = 5146411008                                {product} {ergonomic}
   size_t MinHeapDeltaBytes                        = 4194304                                   {product} {ergonomic}
   size_t MinHeapSize                              = 8388608                                   {product} {ergonomic}
    uintx NonNMethodCodeHeapSize                   = 5839372                                {pd product} {ergonomic}
    uintx NonProfiledCodeHeapSize                  = 122909434                              {pd product} {ergonomic}
    uintx ProfiledCodeHeapSize                     = 122909434                              {pd product} {ergonomic}
    uintx ReservedCodeCacheSize                    = 251658240                              {pd product} {ergonomic}
     bool SegmentedCodeCache                       = true                                      {product} {ergonomic}
   size_t SoftMaxHeapSize                          = 8577351680                             {manageable} {ergonomic}
     bool UseCompressedClassPointers               = true                           {product lp64_product} {ergonomic}
     bool UseCompressedOops                        = true                           {product lp64_product} {ergonomic}
     bool UseG1GC                                  = true                                      {product} {ergonomic}
     bool UseLargePagesIndividualAllocation        = false                                  {pd product} {ergonomic}

Logging:
Log output configuration:
 #0: stdout all=warning uptime,level,tags
 #1: stderr all=off uptime,level,tags

Environment Variables:
PATH=C:\Program Files\Common Files\Oracle\Java\javapath;C:\Python39\Scripts\;C:\Python39\;C:\WINDOWS\system32;C:\WINDOWS;C:\WINDOWS\System32\Wbem;C:\WINDOWS\System32\WindowsPowerShell\v1.0\;C:\WINDOWS\System32\OpenSSH\;C:\Users\rl\AppData\Local\Microsoft\WindowsApps;C:\adb;C:\Program Files\Git\cmd;C;C:\Program Files\nodejs\;C:\ProgramData\chocolatey\bin;C;C;c:\Gradle\gradle-7.2\bin;C:\Users\rl\AppData\Local\Microsoft\WindowsApps;C:\Users\rl\AppData\Local\GitHubDesktop\bin;C:\Users\rl\AppData\Local\Programs\mongosh\;C:\Users\rl\AppData\Roaming\npm;C:\Users\rl\AppData\Local\atom\bin;C:\Users\rl\AppData\Local\Programs\MiKTeX\miktex\bin\x64\
USERNAME=rl
OS=Windows_NT
PROCESSOR_IDENTIFIER=Intel64 Family 6 Model 45 Stepping 7, GenuineIntel



---------------  S Y S T E M  ---------------

OS:
 Windows 10 , 64 bit Build 19041 (10.0.19041.1202)
OS uptime: 1 days 2:48 hours

CPU: total 8 (initial active 8) (4 cores per cpu, 2 threads per core) family 6 model 45 stepping 7 microcode 0x714, cx8, cmov, fxsr, ht, mmx, sse, sse2, sse3, ssse3, sse4.1, sse4.2, popcnt, tsc, tscinvbit, avx, aes, clmul, vzeroupper, clflush

Memory: 4k page, system-wide physical 32706M (19338M free)
TotalPageFile size 37570M (AvailPageFile size 13259M)
current process WorkingSet (physical memory assigned to process): 316M, peak: 346M
current process commit charge ("private bytes"): 1682M, peak: 1704M

vm_info: OpenJDK 64-Bit Server VM (16+36-2231) for windows-amd64 JRE (16+36-2231), built on Feb  8 2021 11:39:36 by "mach5one" with MS VC++ 16.7 (VS2019)

END.
